<?xml version="1.0" encoding="UTF-8"?>
<testsuite name="hello.servlet.domain.member.MemberRepositoryTest" tests="1" skipped="0" failures="0" errors="0" timestamp="2024-01-04T12:53:51" hostname="yeonjinseob-ui-MacBookAir.local" time="0.034">
  <properties/>
  <testcase name="save()" classname="hello.servlet.domain.member.MemberRepositoryTest" time="0.034"/>
  <system-out><![CDATA[]]></system-out>
  <system-err><![CDATA[]]></system-err>
</testsuite>
